GdSprestBs.loadBundle('/**:bundle-id:**/', ['exports', './chunk-1c26bad2.js'], function (exports, __chunk_1) {
    var h = window.GdSprestBs.h;
    var Pagination = /** @class */ (function () {
        function Pagination() {
        }
        Pagination.prototype.render = function () {
            if (this.el.hasAttribute("data-init")) {
                return;
            }
            var props = __chunk_1.getProps(this.el, {
                alignment: this.alignment,
                className: this.className,
                el: this.el,
                icon: this.icon,
                isLarge: this.isLarge,
                isSmall: this.isSmall,
                label: this.label,
                numberOfPages: this.numberOfPages
            });
            GD.Components.Pagination(props);
            this.el.setAttribute("data-init", "true");
        };
        Object.defineProperty(Pagination, "is", {
            get: function () { return "bs-pagination"; },
            enumerable: true,
            configurable: true
        });
        Object.defineProperty(Pagination, "properties", {
            get: function () {
                return {
                    "alignment": {
                        "type": Number,
                        "attr": "alignment"
                    },
                    "className": {
                        "type": String,
                        "attr": "class-name"
                    },
                    "el": {
                        "elementRef": true
                    },
                    "icon": {
                        "type": String,
                        "attr": "icon"
                    },
                    "isLarge": {
                        "type": Boolean,
                        "attr": "is-large"
                    },
                    "isSmall": {
                        "type": Boolean,
                        "attr": "is-small"
                    },
                    "label": {
                        "type": String,
                        "attr": "label"
                    },
                    "numberOfPages": {
                        "type": Number,
                        "attr": "number-of-pages"
                    }
                };
            },
            enumerable: true,
            configurable: true
        });
        return Pagination;
    }());
    exports.Pagination = Pagination;
});
