GdSprestBs.loadBundle('/**:bundle-id:**/', ['exports', './chunk-1c26bad2.js'], function (exports, __chunk_1) {
    var h = window.GdSprestBs.h;
    var CardGroup = /** @class */ (function () {
        function CardGroup() {
        }
        CardGroup.prototype.render = function () {
            if (this.el.hasAttribute("data-init")) {
                return;
            }
            var props = __chunk_1.getProps(this.el, {
                className: this.className,
                el: this.el
            });
            GD.Components.CardGroup(props);
            this.el.setAttribute("data-init", "true");
        };
        Object.defineProperty(CardGroup, "is", {
            get: function () { return "bs-card-group"; },
            enumerable: true,
            configurable: true
        });
        Object.defineProperty(CardGroup, "properties", {
            get: function () {
                return {
                    "className": {
                        "type": String,
                        "attr": "class-name"
                    },
                    "el": {
                        "elementRef": true
                    }
                };
            },
            enumerable: true,
            configurable: true
        });
        return CardGroup;
    }());
    exports.CardGroup = CardGroup;
});
