GdSprestBs.loadBundle('/**:bundle-id:**/', ['exports', './chunk-1c26bad2.js'], function (exports, __chunk_1) {
    var h = window.GdSprestBs.h;
    var Alert = /** @class */ (function () {
        function Alert() {
        }
        Alert.prototype.render = function () {
            if (this.el.hasAttribute("data-init")) {
                return;
            }
            var props = __chunk_1.getProps(this.el, {
                className: this.className,
                content: this.content,
                el: this.el,
                header: this.header,
                isDismissible: this.isDismissible,
                type: this.type
            });
            GD.Components.Alert(props);
            this.el.setAttribute("data-init", "true");
        };
        Object.defineProperty(Alert, "is", {
            get: function () { return "bs-alert"; },
            enumerable: true,
            configurable: true
        });
        Object.defineProperty(Alert, "properties", {
            get: function () {
                return {
                    "className": {
                        "type": String,
                        "attr": "class-name"
                    },
                    "content": {
                        "type": String,
                        "attr": "content"
                    },
                    "el": {
                        "elementRef": true
                    },
                    "header": {
                        "type": String,
                        "attr": "header"
                    },
                    "isDismissible": {
                        "type": Boolean,
                        "attr": "is-dismissible"
                    },
                    "type": {
                        "type": Number,
                        "attr": "type"
                    }
                };
            },
            enumerable: true,
            configurable: true
        });
        return Alert;
    }());
    exports.Alert = Alert;
});
