import { a as getProps } from './chunk-3f966420.js';
var Accordion = /** @class */ (function () {
    function Accordion() {
    }
    Accordion.prototype.render = function () {
        if (this.el.hasAttribute("data-init")) {
            return;
        }
        var props = getProps(this.el, {
            className: this.className,
            el: this.el,
            id: this.id
        });
        this.el.removeAttribute("id");
        GD.Components.Accordion(props);
        this.el.setAttribute("data-init", "true");
    };
    Object.defineProperty(Accordion, "is", {
        get: function () { return "bs-accordion"; },
        enumerable: true,
        configurable: true
    });
    Object.defineProperty(Accordion, "properties", {
        get: function () {
            return {
                "className": {
                    "type": String,
                    "attr": "class-name"
                },
                "el": {
                    "elementRef": true
                },
                "id": {
                    "type": String,
                    "attr": "id"
                }
            };
        },
        enumerable: true,
        configurable: true
    });
    return Accordion;
}());
export { Accordion as a };
