GdSprestBs.loadBundle('/**:bundle-id:**/', ['exports', './chunk-1c26bad2.js', './chunk-08c64553.js', './chunk-4763ce37.js', './chunk-35e50f9e.js', './chunk-91826713.js', './chunk-0192a613.js', './chunk-cd3d60b6.js', './chunk-b3b55bb1.js', './chunk-d9ef2a88.js', './chunk-82b8acb5.js', './chunk-b1314896.js', './chunk-fabee5d6.js', './chunk-4abddbfb.js', './chunk-61f4668b.js', './chunk-9a65e396.js', './chunk-12f5db2d.js', './chunk-50f721b7.js', './chunk-ce0a3f7d.js', './chunk-608bcbd2.js', './chunk-1cca7ac3.js', './chunk-a36f4802.js', './chunk-654d1f9d.js', './chunk-1afaf684.js', './chunk-09a062dc.js', './chunk-feb7e414.js', './chunk-b0b7fcbc.js', './chunk-c82b4dc1.js', './chunk-03dfd30a.js', './chunk-17f92c32.js', './chunk-2f6eeb42.js', './chunk-bd35fbac.js', './chunk-f5d1b413.js', './chunk-cc2f8b63.js'], function (exports, __chunk_1, __chunk_2, __chunk_3, __chunk_4, __chunk_5, __chunk_6, __chunk_7, __chunk_8, __chunk_9, __chunk_10, __chunk_11, __chunk_12, __chunk_13, __chunk_14, __chunk_15, __chunk_16, __chunk_17, __chunk_18, __chunk_19, __chunk_20, __chunk_21, __chunk_22, __chunk_23, __chunk_24, __chunk_25, __chunk_26, __chunk_27, __chunk_28, __chunk_29, __chunk_30, __chunk_31, __chunk_32, __chunk_33) {
    var h = window.GdSprestBs.h;
    var index = /*#__PURE__*/ Object.freeze({
        Accordion: __chunk_2.Accordion,
        Alert: __chunk_3.Alert,
        Badge: __chunk_4.Badge,
        Breadcrumb: __chunk_5.Breadcrumb,
        Button: __chunk_6.Button,
        ButtonGroup: __chunk_7.ButtonGroup,
        Card: __chunk_8.Card,
        CardGroup: __chunk_9.CardGroup,
        Carousel: __chunk_10.Carousel,
        Collapse: __chunk_11.Collapse,
        Dropdown: __chunk_12.Dropdown,
        Form: __chunk_13.Form,
        InputGroup: __chunk_14.InputGroup,
        Jumbotron: __chunk_15.Jumbotron,
        ListGroup: __chunk_16.ListGroup,
        Modal: __chunk_17.Modal,
        Nav: __chunk_18.Nav,
        Navbar: __chunk_19.Navbar,
        Pagination: __chunk_20.Pagination,
        Popover: __chunk_21.Popover,
        Progress: __chunk_22.Progress,
        ProgressGroup: __chunk_23.ProgressGroup,
        Table: __chunk_24.Table,
        Toast: __chunk_25.Toast,
        Toolbar: __chunk_26.Toolbar,
        Tooltip: __chunk_27.Tooltip
    });
    var index$1 = /*#__PURE__*/ Object.freeze({
        generateElement: __chunk_28.generateElement,
        WebPart: __chunk_29.WebPart,
        WPList: __chunk_30.WPList,
        WPSearch: __chunk_31.WPSearch,
        WPTabs: __chunk_32.WPTabs,
        WPTaxonomy: __chunk_33.WPTaxonomy
    });
    exports.Components = index;
    exports.WebParts = index$1;
    Object.defineProperty(exports, '__esModule', { value: true });
});
