GdSprestBs.loadBundle('/**:bundle-id:**/', ['exports', './chunk-1c26bad2.js'], function (exports, __chunk_1) {
    var h = window.GdSprestBs.h;
    var Form = /** @class */ (function () {
        function Form() {
        }
        Form.prototype.render = function () {
            if (this.el.hasAttribute("data-init")) {
                return;
            }
            var props = __chunk_1.getProps(this.el, {
                el: this.el
            });
            GD.Components.Form(props);
            this.el.setAttribute("data-init", "true");
        };
        Object.defineProperty(Form, "is", {
            get: function () { return "bs-form"; },
            enumerable: true,
            configurable: true
        });
        Object.defineProperty(Form, "properties", {
            get: function () {
                return {
                    "el": {
                        "elementRef": true
                    }
                };
            },
            enumerable: true,
            configurable: true
        });
        return Form;
    }());
    exports.Form = Form;
});
