GdSprestBs.loadBundle('/**:bundle-id:**/', ['exports', './chunk-1c26bad2.js'], function (exports, __chunk_1) {
    var h = window.GdSprestBs.h;
    var Badge = /** @class */ (function () {
        function Badge() {
        }
        Badge.prototype.render = function () {
            if (this.el.hasAttribute("data-init")) {
                return;
            }
            var props = __chunk_1.getProps(this.el, {
                className: this.className,
                content: this.content,
                el: this.el,
                header: this.header,
                href: this.href,
                isPill: this.isPill,
                type: this.type
            });
            GD.Components.Badge(props);
            this.el.setAttribute("data-init", "true");
        };
        Object.defineProperty(Badge, "is", {
            get: function () { return "bs-badge"; },
            enumerable: true,
            configurable: true
        });
        Object.defineProperty(Badge, "properties", {
            get: function () {
                return {
                    "className": {
                        "type": String,
                        "attr": "class-name"
                    },
                    "content": {
                        "type": String,
                        "attr": "content"
                    },
                    "el": {
                        "elementRef": true
                    },
                    "header": {
                        "type": String,
                        "attr": "header"
                    },
                    "href": {
                        "type": String,
                        "attr": "href"
                    },
                    "isPill": {
                        "type": Boolean,
                        "attr": "is-pill"
                    },
                    "type": {
                        "type": Number,
                        "attr": "type"
                    }
                };
            },
            enumerable: true,
            configurable: true
        });
        return Badge;
    }());
    exports.Badge = Badge;
});
