GdSprestBs.loadBundle('/**:bundle-id:**/', ['exports'], function (exports) {
    var h = window.GdSprestBs.h;
    var getProps = function (el, elProps) {
        if (elProps === void 0) { elProps = {}; }
        var props = {};
        var js = (el.innerHTML || "").trim();
        if (js.length > 0) {
            try {
                props = (new Function(js))();
                el.innerHTML = "";
            }
            catch (_a) {
                console.error("Error parsing the JS to get the properties.");
                console.error(js);
            }
        }
        for (var key in elProps) {
            if (props[key] != null) {
                continue;
            }
            props[key] = elProps[key];
        }
        return props;
    };
    exports.getProps = getProps;
});
