GdSprestBs.loadBundle('/**:bundle-id:**/', ['exports', './chunk-1c26bad2.js'], function (exports, __chunk_1) {
    var h = window.GdSprestBs.h;
    var ListGroup = /** @class */ (function () {
        function ListGroup() {
        }
        ListGroup.prototype.render = function () {
            if (this.el.hasAttribute("data-init")) {
                return;
            }
            var props = __chunk_1.getProps(this.el, {
                className: this.className,
                colWidth: this.colWidth,
                el: this.el,
                enableFade: this.enableFade,
                isFlush: this.isFlush,
                isTabs: this.isTabs
            });
            GD.Components.ListGroup(props);
            this.el.setAttribute("data-init", "true");
        };
        Object.defineProperty(ListGroup, "is", {
            get: function () { return "bs-list-group"; },
            enumerable: true,
            configurable: true
        });
        Object.defineProperty(ListGroup, "properties", {
            get: function () {
                return {
                    "className": {
                        "type": String,
                        "attr": "class-name"
                    },
                    "colWidth": {
                        "type": Number,
                        "attr": "col-width"
                    },
                    "el": {
                        "elementRef": true
                    },
                    "enableFade": {
                        "type": Boolean,
                        "attr": "enable-fade"
                    },
                    "isFlush": {
                        "type": Boolean,
                        "attr": "is-flush"
                    },
                    "isTabs": {
                        "type": Boolean,
                        "attr": "is-tabs"
                    }
                };
            },
            enumerable: true,
            configurable: true
        });
        return ListGroup;
    }());
    exports.ListGroup = ListGroup;
});
