GdSprestBs.loadBundle('/**:bundle-id:**/', ['exports', './chunk-1c26bad2.js'], function (exports, __chunk_1) {
    var h = window.GdSprestBs.h;
    var Spinner = /** @class */ (function () {
        function Spinner() {
        }
        Spinner.prototype.render = function () {
            if (this.el.hasAttribute("data-init")) {
                return;
            }
            var props = __chunk_1.getProps(this.el, {
                className: this.className,
                el: this.el,
                isGrowing: this.isGrowing,
                isSmall: this.isSmall,
                text: this.text,
                type: this.type
            });
            GD.Components.Spinner(props);
            this.el.setAttribute("data-init", "true");
        };
        Object.defineProperty(Spinner, "is", {
            get: function () { return "bs-spinner"; },
            enumerable: true,
            configurable: true
        });
        Object.defineProperty(Spinner, "properties", {
            get: function () {
                return {
                    "className": {
                        "type": String,
                        "attr": "class-name"
                    },
                    "el": {
                        "elementRef": true
                    },
                    "isGrowing": {
                        "type": Boolean,
                        "attr": "is-growing"
                    },
                    "isSmall": {
                        "type": Boolean,
                        "attr": "is-small"
                    },
                    "text": {
                        "type": String,
                        "attr": "text"
                    },
                    "type": {
                        "type": Number,
                        "attr": "type"
                    }
                };
            },
            enumerable: true,
            configurable: true
        });
        return Spinner;
    }());
    exports.BsSpinner = Spinner;
    Object.defineProperty(exports, '__esModule', { value: true });
});
