import { a as getProps } from './chunk-3f966420.js';
var Breadcrumb = /** @class */ (function () {
    function Breadcrumb() {
    }
    Breadcrumb.prototype.render = function () {
        if (this.el.hasAttribute("data-init")) {
            return;
        }
        var props = getProps(this.el, {
            className: this.className,
            el: this.el
        });
        GD.Components.Breadcrumb(props);
        this.el.setAttribute("data-init", "true");
    };
    Object.defineProperty(Breadcrumb, "is", {
        get: function () { return "bs-breadcrumb"; },
        enumerable: true,
        configurable: true
    });
    Object.defineProperty(Breadcrumb, "properties", {
        get: function () {
            return {
                "className": {
                    "type": String,
                    "attr": "class-name"
                },
                "el": {
                    "elementRef": true
                }
            };
        },
        enumerable: true,
        configurable: true
    });
    return Breadcrumb;
}());
export { Breadcrumb as a };
