import { a as getProps } from './chunk-3f966420.js';
var Card = /** @class */ (function () {
    function Card() {
    }
    Card.prototype.render = function () {
        if (this.el.hasAttribute("data-init")) {
            return;
        }
        var props = getProps(this.el, {
            className: this.className,
            el: this.el,
            footer: this.footer,
            header: this.header,
            imgBottom: this.imgBottom,
            imgTop: this.imgTop
        });
        GD.Components.Card(props);
        this.el.setAttribute("data-init", "true");
    };
    Object.defineProperty(Card, "is", {
        get: function () { return "bs-card"; },
        enumerable: true,
        configurable: true
    });
    Object.defineProperty(Card, "properties", {
        get: function () {
            return {
                "className": {
                    "type": String,
                    "attr": "class-name"
                },
                "el": {
                    "elementRef": true
                },
                "footer": {
                    "type": String,
                    "attr": "footer"
                },
                "header": {
                    "type": String,
                    "attr": "header"
                },
                "imgBottom": {
                    "type": "Any",
                    "attr": "img-bottom"
                },
                "imgTop": {
                    "type": "Any",
                    "attr": "img-top"
                }
            };
        },
        enumerable: true,
        configurable: true
    });
    return Card;
}());
export { Card as a };
