GdSprestBs.loadBundle('/**:bundle-id:**/', ['exports', './chunk-1c26bad2.js'], function (exports, __chunk_1) {
    var h = window.GdSprestBs.h;
    var Carousel = /** @class */ (function () {
        function Carousel() {
        }
        Carousel.prototype.render = function () {
            if (this.el.hasAttribute("data-init")) {
                return;
            }
            var props = __chunk_1.getProps(this.el, {
                className: this.className,
                el: this.el,
                enableControls: this.enableControls,
                enableCrossfade: this.enableCrossfade,
                enableIndicators: this.enableIndicators,
                id: this.id
            });
            this.el.removeAttribute("id");
            GD.Components.Carousel(props);
            this.el.setAttribute("data-init", "true");
        };
        Object.defineProperty(Carousel, "is", {
            get: function () { return "bs-carousel"; },
            enumerable: true,
            configurable: true
        });
        Object.defineProperty(Carousel, "properties", {
            get: function () {
                return {
                    "className": {
                        "type": String,
                        "attr": "class-name"
                    },
                    "el": {
                        "elementRef": true
                    },
                    "enableControls": {
                        "type": Boolean,
                        "attr": "enable-controls"
                    },
                    "enableCrossfade": {
                        "type": Boolean,
                        "attr": "enable-crossfade"
                    },
                    "enableIndicators": {
                        "type": Boolean,
                        "attr": "enable-indicators"
                    },
                    "id": {
                        "type": String,
                        "attr": "id"
                    }
                };
            },
            enumerable: true,
            configurable: true
        });
        return Carousel;
    }());
    exports.Carousel = Carousel;
});
