import { a as getProps } from './chunk-3f966420.js';
var Alert = /** @class */ (function () {
    function Alert() {
    }
    Alert.prototype.render = function () {
        if (this.el.hasAttribute("data-init")) {
            return;
        }
        var props = getProps(this.el, {
            className: this.className,
            content: this.content,
            el: this.el,
            header: this.header,
            isDismissible: this.isDismissible,
            type: this.type
        });
        GD.Components.Alert(props);
        this.el.setAttribute("data-init", "true");
    };
    Object.defineProperty(Alert, "is", {
        get: function () { return "bs-alert"; },
        enumerable: true,
        configurable: true
    });
    Object.defineProperty(Alert, "properties", {
        get: function () {
            return {
                "className": {
                    "type": String,
                    "attr": "class-name"
                },
                "content": {
                    "type": String,
                    "attr": "content"
                },
                "el": {
                    "elementRef": true
                },
                "header": {
                    "type": String,
                    "attr": "header"
                },
                "isDismissible": {
                    "type": Boolean,
                    "attr": "is-dismissible"
                },
                "type": {
                    "type": Number,
                    "attr": "type"
                }
            };
        },
        enumerable: true,
        configurable: true
    });
    return Alert;
}());
export { Alert as a };
