GdSprestBs.loadBundle('/**:bundle-id:**/', ['exports', './chunk-1c26bad2.js'], function (exports, __chunk_1) {
    var h = window.GdSprestBs.h;
    var Table = /** @class */ (function () {
        function Table() {
        }
        Table.prototype.render = function () {
            if (this.el.hasAttribute("data-init")) {
                return;
            }
            var props = __chunk_1.getProps(this.el, {
                className: this.className,
                el: this.el
            });
            GD.Components.Table(props);
            this.el.setAttribute("data-init", "true");
        };
        Object.defineProperty(Table, "is", {
            get: function () { return "bs-table"; },
            enumerable: true,
            configurable: true
        });
        Object.defineProperty(Table, "properties", {
            get: function () {
                return {
                    "className": {
                        "type": String,
                        "attr": "class-name"
                    },
                    "el": {
                        "elementRef": true
                    }
                };
            },
            enumerable: true,
            configurable: true
        });
        return Table;
    }());
    exports.Table = Table;
});
